This is pdfTeX, Version 3.1415926-1.40.11 (TeX Live 2010) (format=latex 2011.7.13)  15 NOV 2012 10:15
entering extended mode
 restricted \write18 enabled.
 %&-line parsing enabled.
**&latex prv_TTRes.ini \nonstopmode\nofiles\PassOptionsToPackage{active,tightpa
ge,auctex}{preview}\AtBeginDocument{\ifx\ifPreview\undefined\RequirePackage[dis
playmath,floats,graphics,textmath,sections,footnotes]{preview}[2004/11/05]\fi} 
\input TTRes.tex
(./prv_TTRes.ini
LaTeX2e <2009/09/24>
Babel <v3.8l> and hyphenation patterns for english, dumylang, nohyphenation, ge
rman-x-2009-06-19, ngerman-x-2009-06-19, ancientgreek, ibycus, arabic, armenian
, basque, bulgarian, catalan, pinyin, coptic, croatian, czech, danish, dutch, u
kenglish, usenglishmax, esperanto, estonian, farsi, finnish, french, galician, 
german, ngerman, swissgerman, monogreek, greek, hungarian, icelandic, assamese,
 bengali, gujarati, hindi, kannada, malayalam, marathi, oriya, panjabi, tamil, 
telugu, indonesian, interlingua, irish, italian, kurmanji, lao, latin, latvian,
 lithuanian, mongolian, mongolianlmc, bokmal, nynorsk, polish, portuguese, roma
nian, russian, sanskrit, serbian, slovak, slovenian, spanish, swedish, turkish,
 turkmen, ukrainian, uppersorbian, welsh, loaded.
(/usr/local/texlive/2010/texmf-dist/tex/latex/carlisle/mylatex.ltx)
(/usr/local/texlive/2010/texmf-dist/tex/latex/tools/.tex File ignored))
No auxiliary output files.

(./TTRes.tex (/usr/local/texlive/2010/texmf-dist/tex/latex/base/article.cls
Document Class: article 2007/10/19 v1.4h Standard LaTeX document class
(/usr/local/texlive/2010/texmf-dist/tex/latex/base/size11.clo
File: size11.clo 2007/10/19 v1.4h Standard LaTeX file (size option)
)
\c@part=\count79
\c@section=\count80
\c@subsection=\count81
\c@subsubsection=\count82
\c@paragraph=\count83
\c@subparagraph=\count84
\c@figure=\count85
\c@table=\count86
\abovecaptionskip=\skip41
\belowcaptionskip=\skip42
\bibindent=\dimen102
)
(/usr/local/texlive/2010/texmf-dist/tex/latex/amsfonts/amssymb.sty
Package: amssymb 2009/06/22 v3.00

(/usr/local/texlive/2010/texmf-dist/tex/latex/amsfonts/amsfonts.sty
Package: amsfonts 2009/06/22 v3.00 Basic AMSFonts support
\@emptytoks=\toks14
\symAMSa=\mathgroup4
\symAMSb=\mathgroup5
LaTeX Font Info:    Overwriting math alphabet `\mathfrak' in version `bold'
(Font)                  U/euf/m/n --> U/euf/b/n on input line 96.
))
(/usr/local/texlive/2010/texmf-dist/tex/latex/amsmath/amsmath.sty
Package: amsmath 2000/07/18 v2.13 AMS math features
\@mathmargin=\skip43

For additional information on amsmath, use the `?' option.
(/usr/local/texlive/2010/texmf-dist/tex/latex/amsmath/amstext.sty
Package: amstext 2000/06/29 v2.01

(/usr/local/texlive/2010/texmf-dist/tex/latex/amsmath/amsgen.sty
File: amsgen.sty 1999/11/30 v2.0
\@emptytoks=\toks15
\ex@=\dimen103
))
(/usr/local/texlive/2010/texmf-dist/tex/latex/amsmath/amsbsy.sty
Package: amsbsy 1999/11/29 v1.2d
\pmbraise@=\dimen104
)
(/usr/local/texlive/2010/texmf-dist/tex/latex/amsmath/amsopn.sty
Package: amsopn 1999/12/14 v2.01 operator names
)
\inf@bad=\count87
LaTeX Info: Redefining \frac on input line 211.
\uproot@=\count88
\leftroot@=\count89
LaTeX Info: Redefining \overline on input line 307.
\classnum@=\count90
\DOTSCASE@=\count91
LaTeX Info: Redefining \ldots on input line 379.
LaTeX Info: Redefining \dots on input line 382.
LaTeX Info: Redefining \cdots on input line 467.
\Mathstrutbox@=\box26
\strutbox@=\box27
\big@size=\dimen105
LaTeX Font Info:    Redeclaring font encoding OML on input line 567.
LaTeX Font Info:    Redeclaring font encoding OMS on input line 568.
\macc@depth=\count92
\c@MaxMatrixCols=\count93
\dotsspace@=\muskip10
\c@parentequation=\count94
\dspbrk@lvl=\count95
\tag@help=\toks16
\row@=\count96
\column@=\count97
\maxfields@=\count98
\andhelp@=\toks17
\eqnshift@=\dimen106
\alignsep@=\dimen107
\tagshift@=\dimen108
\tagwidth@=\dimen109
\totwidth@=\dimen110
\lineht@=\dimen111
\@envbody=\toks18
\multlinegap=\skip44
\multlinetaggap=\skip45
\mathdisplay@stack=\toks19
LaTeX Info: Redefining \[ on input line 2666.
LaTeX Info: Redefining \] on input line 2667.
)
(/usr/local/texlive/2010/texmf-dist/tex/latex/base/alltt.sty
Package: alltt 1997/06/16 v2.0g defines alltt environment
)
(/usr/local/texlive/2010/texmf-dist/tex/latex/stmaryrd/stmaryrd.sty
Package: stmaryrd 1994/03/03 St Mary's Road symbol package
\symstmry=\mathgroup6
LaTeX Font Info:    Overwriting symbol font `stmry' in version `bold'
(Font)                  U/stmry/m/n --> U/stmry/b/n on input line 89.
)
(/usr/local/texlive/2010/texmf-dist/tex/latex/psnfss/times.sty
Package: times 2005/04/12 PSNFSS-v9.2a (SPQR) 
)
(/usr/local/texlive/2010/texmf-dist/tex/latex/setspace/setspace.sty
Package: setspace 2000/12/01 6.7 Contributed and Supported LaTeX2e package

Package: `setspace' 6.7 <2000/12/01>
) (/usr/local/texlive/2010/texmf-dist/tex/latex/geometry/geometry.sty
Package: geometry 2010/07/13 v5.5 Page Geometry

(/usr/local/texlive/2010/texmf-dist/tex/latex/graphics/keyval.sty
Package: keyval 1999/03/16 v1.13 key=value parser (DPC)
\KV@toks@=\toks20
)
(/usr/local/texlive/2010/texmf-dist/tex/generic/oberdiek/ifpdf.sty
Package: ifpdf 2010/01/28 v2.1 Provides the ifpdf switch (HO)
Package ifpdf Info: pdfTeX in pdf mode not detected.
)
(/usr/local/texlive/2010/texmf-dist/tex/generic/oberdiek/ifvtex.sty
Package: ifvtex 2010/03/01 v1.5 Switches for detecting VTeX and its modes (HO)
Package ifvtex Info: VTeX not detected.
)
\Gm@cnth=\count99
\Gm@cntv=\count100
\c@Gm@tempcnt=\count101
\Gm@bindingoffset=\dimen112
\Gm@wd@mp=\dimen113
\Gm@odd@mp=\dimen114
\Gm@even@mp=\dimen115
\Gm@layoutwidth=\dimen116
\Gm@layoutheight=\dimen117
\Gm@layouthoffset=\dimen118
\Gm@layoutvoffset=\dimen119
\Gm@dimlist=\toks21
)
(/usr/local/texlive/2010/texmf-dist/tex/latex/pstricks/pstricks.sty
Package: pstricks 2010/06/17 v0.45 LaTeX wrapper for `PSTricks' (RN,HV)

(/usr/local/texlive/2010/texmf-dist/tex/generic/pstricks/pstricks.tex
(/usr/local/texlive/2010/texmf-dist/tex/generic/xkeyval/pst-xkey.tex
File: pst-xkey.tex 2005/11/25 v1.6 PSTricks specialization of xkeyval (HA)

(/usr/local/texlive/2010/texmf-dist/tex/latex/xkeyval/xkeyval.sty
Package: xkeyval 2008/08/13 v2.6a package option processing (HA)

(/usr/local/texlive/2010/texmf-dist/tex/generic/xkeyval/xkeyval.tex
\XKV@toks=\toks22
\XKV@tempa@toks=\toks23
\XKV@depth=\count102
File: xkeyval.tex 2008/08/13 v2.6a key=value parser (HA)
)))
(/usr/local/texlive/2010/texmf-dist/tex/generic/pstricks/pst-fp.tex
`pst-fp' v0.06, 2010/05/14 (hv)
\pstFP@xs=\count103
\pstFP@xia=\count104
\pstFP@xib=\count105
\pstFP@xfa=\count106
\pstFP@xfb=\count107
\pstFP@rega=\count108
\pstFP@regb=\count109
\pstFP@regs=\count110
\pstFP@times=\count111
)
\psLoopIndex=\count112

`PSTricks' v2.08  <2010/06/06> (tvz)
\pst@dima=\dimen120
\pst@dimb=\dimen121
\pst@dimc=\dimen122
\pst@dimd=\dimen123
\pst@dimg=\dimen124
\pst@dimh=\dimen125
\pst@dimm=\dimen126
\pst@dimn=\dimen127
\pst@dimo=\dimen128
\pst@dimp=\dimen129
\pst@hbox=\box28
\pst@boxg=\box29
\pst@cnta=\count113
\pst@cntb=\count114
\pst@cntc=\count115
\pst@cntd=\count116
\pst@cntg=\count117
\pst@cnth=\count118
\pst@cntm=\count119
\pst@cntn=\count120
\pst@cnto=\count121
\pst@cntp=\count122
\@zero=\count123
\pst@toks=\toks24
(/usr/local/texlive/2010/texmf-dist/tex/generic/pstricks/pstricks.con)
\psunit=\dimen130
\psxunit=\dimen131
\psyunit=\dimen132
\pslinewidth=\dimen133
\pst@customdefs=\toks25
\pslinearc=\dimen134
\pst@symbolStep=\dimen135
\pst@symbolWidth=\dimen136
\everypsbox=\toks26
\psframesep=\dimen137
\pslabelsep=\dimen138
\pst@shift=\dimen139
\theoverlaybox=\box30
)
File: pstricks.tex 2010/06/06 v2.08 `PSTricks' (tvz,hv)

(/usr/local/texlive/2010/texmf-dist/tex/generic/pstricks/pst-fp.tex)
File: pst-fp.tex 2010/06/06 v2.08 `PST-fp' (hv)

(/usr/local/texlive/2010/texmf-dist/tex/latex/xcolor/xcolor.sty
Package: xcolor 2007/01/21 v2.11 LaTeX color extensions (UK)

(/usr/local/texlive/2010/texmf-dist/tex/latex/latexconfig/color.cfg
File: color.cfg 2007/01/18 v1.5 color configuration of teTeX/TeXLive
)
Package xcolor Info: Driver file: dvips.def on input line 225.

(/usr/local/texlive/2010/texmf-dist/tex/latex/graphics/dvips.def
File: dvips.def 1999/02/16 v3.0i Driver-dependant file (DPC,SPQR)
)
Package xcolor Info: Model `cmy' substituted by `cmy0' on input line 1337.
Package xcolor Info: Model `RGB' extended on input line 1353.
Package xcolor Info: Model `HTML' substituted by `rgb' on input line 1355.
Package xcolor Info: Model `Hsb' substituted by `hsb' on input line 1356.
Package xcolor Info: Model `tHsb' substituted by `hsb' on input line 1357.
Package xcolor Info: Model `HSB' substituted by `hsb' on input line 1358.
Package xcolor Info: Model `Gray' substituted by `gray' on input line 1359.
Package xcolor Info: Model `wave' substituted by `hsb' on input line 1360.
))
(/usr/local/texlive/2010/texmf-dist/tex/latex/pst-node/pst-node.sty
Package: pst-node 2010/04/22 package wrapper for pst-node.tex

(/usr/local/texlive/2010/texmf-dist/tex/generic/pst-node/pst-node.tex
 v1.13, 2010/06/06
\psrow=\count124
\pscol=\count125
\psmatrixcnt=\count126
\psrowsep=\skip46
\pscolsep=\skip47
\pst@args=\count127
\num@pts=\count128
\pst@argcnt=\count129
)
File: pst-node.tex 2010/06/06 1.13 `pst-node' (tvz)
)
(/usr/local/texlive/2010/texmf-dist/tex/latex/pst-text/pst-text.sty
Package: pst-text 2006/01/01 package wrapper for pst-text.tex (hv)

(/usr/local/texlive/2010/texmf-dist/tex/generic/pst-text/pst-text.tex
 v1.00, 2006/11/05(tvz,hv))
File: pst-text.tex 2006/11/05 1.00 `pst-text' (tvz)
)
(/usr/local/texlive/2010/texmf-dist/tex/latex/pst-tree/pst-tree.sty
Package: pst-tree 2009/01/25 package wrapper for pst-tree.tex

(/usr/local/texlive/2010/texmf-dist/tex/generic/pst-tree/pst-tree.tex
 v1.11, 2009/09/17(tvz,dg,hv)
\pstree@rootbox=\box31
\pstree@box=\box32
\psnodecnt=\count130
\pstreelevel=\count131
\pstreecnt=\count132
\pstree@cnt=\count133
\pstree@stop=\count134
)
File: pst-tree.tex 2009/09/17 1.11 `pst-tree' (tvz,hv)
)
(/usr/local/texlive/2010/texmf-dist/tex/latex/pst-3d/pst-3d.sty
Package: pst-3d 2009/07/28 package wrapper for pst-3d.tex (hv)

(/usr/local/texlive/2010/texmf-dist/tex/generic/pst-3d/pst-3d.tex
`PST-3d' v1.11, 2010/02/14 (tvz))
File: pst-3d.tex 2010/02/14 v1.11 `PST-3d' (hv)
)
(/usr/local/texlive/2010/texmf-dist/tex/latex/graphics/graphicx.sty
Package: graphicx 1999/02/16 v1.0f Enhanced LaTeX Graphics (DPC,SPQR)

(/usr/local/texlive/2010/texmf-dist/tex/latex/graphics/graphics.sty
Package: graphics 2009/02/05 v1.0o Standard LaTeX Graphics (DPC,SPQR)

(/usr/local/texlive/2010/texmf-dist/tex/latex/graphics/trig.sty
Package: trig 1999/03/16 v1.09 sin cos tan (DPC)
)
(/usr/local/texlive/2010/texmf-dist/tex/latex/latexconfig/graphics.cfg
File: graphics.cfg 2010/04/23 v1.9 graphics configuration of TeX Live
)
Package graphics Info: Driver file: dvips.def on input line 91.
)
\Gin@req@height=\dimen140
\Gin@req@width=\dimen141
)
(/usr/local/texlive/2010/texmf-dist/tex/latex/graphics/lscape.sty
Package: lscape 2000/10/22 v3.01 Landscape Pages (DPC)
)
(/usr/local/texlive/2010/texmf-dist/tex/latex/pst-grad/pst-grad.sty
Package: pst-grad 2004/07/15 package wrapper for pst-grad.tex (hv)

(/usr/local/texlive/2010/texmf-dist/tex/generic/pst-grad/pst-grad.tex
`pst-grad' v1.06, 2006/11/27 (tvz,dg,hv))
File: pst-grad.tex 2006/11/27 1.06 `pst-grad' (tvz)
)
(/usr/local/texlive/2010/texmf-dist/tex/latex/xkeyval/pst-xkey.sty
Package: pst-xkey 2005/11/25 v1.6 package wrapper for pst-xkey.tex (HA)
)
(/usr/local/texlive/2010/texmf-dist/tex/latex/multido/multido.sty
Package: multido 2004/05/17 package wrapper for PSTricks `multido.tex', (HV/RN)


(/usr/local/texlive/2010/texmf-dist/tex/generic/multido/multido.tex
 v1.42, 2010/05/14 <tvz>
\multido@count=\count135
\multidocount=\count136
\multido@stuff=\toks27
)
File: multido.tex 2010/05/14 v1.42 `multido' (tvz,hv)
)
No file grantinc.tex.
LaTeX Font Info:    Try loading font information for U+msa on input line 75.
(/usr/local/texlive/2010/texmf-dist/tex/latex/amsfonts/umsa.fd
File: umsa.fd 2009/06/22 v3.00 AMS symbols A
)
LaTeX Font Info:    Try loading font information for U+msb on input line 75.

(/usr/local/texlive/2010/texmf-dist/tex/latex/amsfonts/umsb.fd
File: umsb.fd 2009/06/22 v3.00 AMS symbols B
)
LaTeX Font Info:    Try loading font information for U+stmry on input line 75.

(/usr/local/texlive/2010/texmf-dist/tex/latex/stmaryrd/Ustmry.fd)
LaTeX Font Info:    Try loading font information for OT1+ptm on input line 75.

(/usr/local/texlive/2010/texmf-dist/tex/latex/psnfss/ot1ptm.fd
File: ot1ptm.fd 2001/06/04 font definitions for OT1/ptm.
)
LaTeX Font Info:    Font shape `OT1/ptm/bx/n' in size <10.95> not available
(Font)              Font shape `OT1/ptm/b/n' tried instead on input line 75.
LaTeX Font Info:    Font shape `OT1/ptm/bx/it' in size <10.95> not available
(Font)              Font shape `OT1/ptm/b/it' tried instead on input line 75.
LaTeX Font Info:    Try loading font information for OT1+pcr on input line 75.

(/usr/local/texlive/2010/texmf-dist/tex/latex/psnfss/ot1pcr.fd
File: ot1pcr.fd 2001/06/04 font definitions for OT1/pcr.
)
LaTeX Font Info:    Try loading font information for OT1+phv on input line 75.

(/usr/local/texlive/2010/texmf-dist/tex/latex/psnfss/ot1phv.fd
File: ot1phv.fd 2001/06/04 scalable font definitions for OT1/phv.
) )
Beginning to dump on file prv_TTRes.fmt
 (format=prv_TTRes 2012.11.15)
11402 strings of total length 175455
151453 memory locations dumped; current usage is 316&150242
8334 multiletter control sequences
\font\nullfont=nullfont
\font\OMX/cmex/m/n/10=cmex10
\font\tenln=line10
\font\tenlnw=linew10
\font\tencirc=lcircle10
\font\tencircw=lcirclew10
\font\OT1/cmr/m/n/5=cmr5
\font\OT1/cmr/m/n/7=cmr7
\font\OT1/cmr/m/n/10=cmr10
\font\OML/cmm/m/it/5=cmmi5
\font\OML/cmm/m/it/7=cmmi7
\font\OML/cmm/m/it/10=cmmi10
\font\OMS/cmsy/m/n/5=cmsy5
\font\OMS/cmsy/m/n/7=cmsy7
\font\OMS/cmsy/m/n/10=cmsy10
\font\OT1/cmr/m/n/10.95=cmr10 at 10.95pt
\font\OT1/cmr/m/n/8=cmr8
\font\OT1/cmr/m/n/6=cmr6
\font\OML/cmm/m/it/10.95=cmmi10 at 10.95pt
\font\OML/cmm/m/it/8=cmmi8
\font\OML/cmm/m/it/6=cmmi6
\font\OMS/cmsy/m/n/10.95=cmsy10 at 10.95pt
\font\OMS/cmsy/m/n/8=cmsy8
\font\OMS/cmsy/m/n/6=cmsy6
\font\OMX/cmex/m/n/10.95=cmex10 at 10.95pt
\font\OMX/cmex/m/n/8=cmex8
\font\OMX/cmex/m/n/6=cmex7 at 6.0pt
\font\U/msa/m/n/10.95=msam10 at 10.95pt
\font\U/msa/m/n/8=msam10 at 8.0pt
\font\U/msa/m/n/6=msam7 at 6.0pt
\font\U/msb/m/n/10.95=msbm10 at 10.95pt
\font\U/msb/m/n/8=msbm10 at 8.0pt
\font\U/msb/m/n/6=msbm7 at 6.0pt
\font\U/stmry/m/n/10.95=stmary10 at 10.95pt
\font\U/stmry/m/n/8=stmary8
\font\U/stmry/m/n/6=stmary6
\font\OT1/ptm/m/n/10.95=ptmr7t at 10.95pt
\font\OT1/ptm/m/n/12=ptmr7t at 12.0pt
\font\OT1/ptm/m/n/9=ptmr7t at 9.0pt
\font\OT1/ptm/b/n/10.95=ptmb7t at 10.95pt
\font\OT1/ptm/b/it/10.95=ptmbi7t at 10.95pt
\font\OT1/ptm/m/it/10.95=ptmri7t at 10.95pt
\font\OT1/pcr/m/n/10.95=pcrr7t at 10.95pt
\font\OT1/phv/m/n/10.95=phvr7t at 10.95pt
12836 words of font info for 43 preloaded fonts
714 hyphenation exceptions
Hyphenation trie of length 304463 has 7578 ops out of 35111
  143 for language 71
  110 for language 70
  138 for language 69
  7 for language 68
  12 for language 67
  127 for language 66
  165 for language 65
  71 for language 64
  248 for language 63
  66 for language 62
  119 for language 60
  58 for language 59
  7 for language 58
  194 for language 57
  815 for language 56
  815 for language 55
  21 for language 54
  38 for language 53
  77 for language 52
  58 for language 51
  25 for language 50
  27 for language 48
  37 for language 47
  229 for language 46
  38 for language 45
  21 for language 44
  147 for language 32
  185 for language 31
  50 for language 30
  18 for language 29
  366 for language 28
  235 for language 27
  207 for language 26
  76 for language 25
  88 for language 24
  31 for language 23
  113 for language 21
  145 for language 20
  377 for language 19
  224 for language 18
  265 for language 17
  60 for language 16
  63 for language 15
  19 for language 14
  14 for language 13
  2 for language 12
  21 for language 11
  12 for language 10
  5 for language 9
  148 for language 6
  97 for language 5
  374 for language 4
  387 for language 3
  2 for language 1
  181 for language 0
0 words of pdfTeX memory
0 indirect objects
No pages of output.
